<?xml version="1.0" encoding="UTF-8"?>
<coverage generated="1736381074">
  <project timestamp="1736381074">
    <file name="C:\Users\kecha\Desktop\ams projet\application_gla_crypto\src\CryptoManager.php">
      <class name="App\CryptoManager" namespace="global">
        <metrics complexity="8" methods="5" coveredmethods="5" conditionals="0" coveredconditionals="0" statements="24" coveredstatements="24" elements="29" coveredelements="29"/>
      </class>
      <line num="3" type="stmt" count="1"/>
      <line num="9" type="method" name="__construct" visibility="public" complexity="1" crap="1" count="6"/>
      <line num="11" type="stmt" count="6"/>
      <line num="12" type="stmt" count="6"/>
      <line num="16" type="method" name="fetchCryptoDataFromAPI" visibility="public" complexity="3" crap="3" count="3"/>
      <line num="17" type="stmt" count="3"/>
      <line num="19" type="stmt" count="3"/>
      <line num="20" type="stmt" count="1"/>
      <line num="23" type="stmt" count="2"/>
      <line num="25" type="stmt" count="2"/>
      <line num="26" type="stmt" count="1"/>
      <line num="29" type="stmt" count="1"/>
      <line num="33" type="method" name="createCryptoTable" visibility="public" complexity="1" crap="1" count="6"/>
      <line num="34" type="stmt" count="6"/>
      <line num="43" type="stmt" count="6"/>
      <line num="46" type="stmt" count="6"/>
      <line num="47" type="stmt" count="6"/>
      <line num="51" type="method" name="insertOrUpdateCryptos" visibility="public" complexity="2" crap="2" count="1"/>
      <line num="52" type="stmt" count="1"/>
      <line num="59" type="stmt" count="1"/>
      <line num="61" type="stmt" count="1"/>
      <line num="63" type="stmt" count="1"/>
      <line num="64" type="stmt" count="1"/>
      <line num="65" type="stmt" count="1"/>
      <line num="66" type="stmt" count="1"/>
      <line num="67" type="stmt" count="1"/>
      <line num="68" type="stmt" count="1"/>
      <line num="69" type="stmt" count="1"/>
      <line num="72" type="method" name="getFileContents" visibility="protected" complexity="1" crap="1" count="1"/>
      <line num="73" type="stmt" count="1"/>
      <metrics loc="77" ncloc="72" classes="1" methods="5" coveredmethods="5" conditionals="0" coveredconditionals="0" statements="25" coveredstatements="25" elements="30" coveredelements="30"/>
    </file>
    <file name="C:\Users\kecha\Desktop\ams projet\application_gla_crypto\src\DatabaseConnection.php">
      <class name="App\DatabaseConnection" namespace="global">
        <metrics complexity="4" methods="2" coveredmethods="2" conditionals="0" coveredconditionals="0" statements="11" coveredstatements="11" elements="13" coveredelements="13"/>
      </class>
      <line num="15" type="method" name="connect" visibility="public" complexity="3" crap="3" count="8"/>
      <line num="16" type="stmt" count="8"/>
      <line num="18" type="stmt" count="8"/>
      <line num="19" type="stmt" count="8"/>
      <line num="20" type="stmt" count="8"/>
      <line num="21" type="stmt" count="8"/>
      <line num="22" type="stmt" count="8"/>
      <line num="23" type="stmt" count="7"/>
      <line num="24" type="stmt" count="1"/>
      <line num="25" type="stmt" count="1"/>
      <line num="28" type="stmt" count="7"/>
      <line num="31" type="method" name="disconnect" visibility="public" complexity="1" crap="1" count="2"/>
      <line num="32" type="stmt" count="2"/>
      <metrics loc="36" ncloc="36" classes="1" methods="2" coveredmethods="2" conditionals="0" coveredconditionals="0" statements="11" coveredstatements="11" elements="13" coveredelements="13"/>
    </file>
    <metrics files="2" loc="113" ncloc="108" classes="2" methods="7" coveredmethods="7" conditionals="0" coveredconditionals="0" statements="36" coveredstatements="36" elements="43" coveredelements="43"/>
  </project>
</coverage>
